#
# There is insufficient memory for the Java Runtime Environment to continue.
# Native memory allocation (malloc) failed to allocate 1336400 bytes for Chunk::new
# Possible reasons:
#   The system is out of physical RAM or swap space
#   The process is running with CompressedOops enabled, and the Java Heap may be blocking the growth of the native heap
# Possible solutions:
#   Reduce memory load on the system
#   Increase physical memory or swap space
#   Check if swap backing store is full
#   Decrease Java heap size (-Xmx/-Xms)
#   Decrease number of Java threads
#   Decrease Java thread stack sizes (-Xss)
#   Set larger code cache with -XX:ReservedCodeCacheSize=
#   JVM is running with Unscaled Compressed Oops mode in which the Java heap is
#     placed in the first 4GB address space. The Java Heap base address is the
#     maximum limit for the native heap growth. Please use -XX:HeapBaseMinAddress
#     to set the Java Heap base and to place the Java Heap above 4GB virtual address.
# This output file may be truncated or incomplete.
#
#  Out of Memory Error (allocation.cpp:389), pid=18108, tid=0x000000000000223c
#
# JRE version: OpenJDK Runtime Environment (8.0_242-b01) (build 1.8.0_242-release-1644-b01)
# Java VM: OpenJDK 64-Bit Server VM (25.242-b01 mixed mode windows-amd64 compressed oops)
# Failed to write core dump. Minidumps are not enabled by default on client versions of Windows
#

---------------  T H R E A D  ---------------

Current thread (0x00000000174ec800):  JavaThread "C2 CompilerThread1" daemon [_thread_in_native, id=8764, stack(0x0000000018c50000,0x0000000018d50000)]

Stack: [0x0000000018c50000,0x0000000018d50000]
[error occurred during error reporting (printing stack bounds), id 0xc0000005]

Native frames: (J=compiled Java code, j=interpreted, Vv=VM code, C=native code)


Current CompileTask:
C2:11954337 55181       4       org.antlr.v4.runtime.atn.ParserATNSimulator::closure_ (311 bytes)


---------------  P R O C E S S  ---------------

Java Threads: ( => current thread )
  0x000000001e251000 JavaThread "WorkerExecutor Queue Thread 3" [_thread_blocked, id=15520, stack(0x0000000039be0000,0x0000000039ce0000)]
  0x000000001e246800 JavaThread "RMI TCP Connection(231)-127.0.0.1" daemon [_thread_in_native, id=15696, stack(0x0000000039ae0000,0x0000000039be0000)]
  0x000000001e24b800 JavaThread "RMI TCP Connection(229)-127.0.0.1" daemon [_thread_in_native, id=5436, stack(0x00000000399e0000,0x0000000039ae0000)]
  0x000000001e24d000 JavaThread "RMI TCP Connection(228)-127.0.0.1" daemon [_thread_in_native, id=7620, stack(0x00000000398e0000,0x00000000399e0000)]
  0x000000001e249800 JavaThread "RMI TCP Connection(227)-127.0.0.1" daemon [_thread_in_native, id=6348, stack(0x00000000397e0000,0x00000000398e0000)]
  0x000000001e052800 JavaThread "RMI TCP Connection(230)-127.0.0.1" daemon [_thread_in_native, id=8336, stack(0x0000000038040000,0x0000000038140000)]
  0x000000001e052000 JavaThread "RMI TCP Connection(226)-127.0.0.1" daemon [_thread_in_native, id=11964, stack(0x0000000037b00000,0x0000000037c00000)]
  0x000000001e051000 JavaThread "RMI RenewClean-[127.0.0.1:17217,org.jetbrains.kotlin.daemon.common.LoopbackNetworkInterface$ClientLoopbackSocketFactory@6701acd7]" daemon [_thread_blocked, id=10168, stack(0x0000000036220000,0x0000000036320000)]
  0x000000001e04f000 JavaThread "WorkerExecutor Queue Thread 2" [_thread_in_Java, id=19440, stack(0x0000000036120000,0x0000000036220000)]
  0x000000001e053800 JavaThread "stdout" [_thread_in_native, id=7356, stack(0x0000000034a30000,0x0000000034b30000)]
  0x000000001e047800 JavaThread "stderr" [_thread_in_native, id=15908, stack(0x0000000034730000,0x0000000034830000)]
  0x000000001e04e000 JavaThread "pool-117-thread-1" [_thread_blocked, id=18480, stack(0x0000000032a70000,0x0000000032b70000)]
  0x000000001e04c000 JavaThread "WorkerExecutor Queue" [_thread_blocked, id=7472, stack(0x0000000032970000,0x0000000032a70000)]
  0x00000000273cb000 JavaThread "Cache worker for execution history cache (C:\Users\Shubham\Projects\XemaExpenseManagerapp\.gradle\6.1.1\executionHistory)" [_thread_blocked, id=228, stack(0x000000002b5c0000,0x000000002b6c0000)]
  0x00000000273ca000 JavaThread "Execution worker for ':' Thread 3" [_thread_blocked, id=18052, stack(0x00000000283c0000,0x00000000284c0000)]
  0x00000000273d1000 JavaThread "Execution worker for ':' Thread 2" [_thread_blocked, id=3200, stack(0x0000000026690000,0x0000000026790000)]
  0x00000000273d0000 JavaThread "Execution worker for ':'" [_thread_blocked, id=12928, stack(0x0000000025d90000,0x0000000025e90000)]
  0x00000000273cf800 JavaThread "Cache worker for file content cache (C:\Users\Shubham\Projects\XemaExpenseManagerapp\.gradle\6.1.1\fileContent)" [_thread_blocked, id=1976, stack(0x0000000025090000,0x0000000025190000)]
  0x00000000273ce800 JavaThread "Cache worker for Build Output Cleanup Cache (C:\Users\Shubham\Projects\XemaExpenseManagerapp\.gradle\buildOutputCleanup)" [_thread_blocked, id=7044, stack(0x0000000024b90000,0x0000000024c90000)]
  0x00000000273cd000 JavaThread "pool-116-thread-1" [_thread_blocked, id=13812, stack(0x0000000024950000,0x0000000024a50000)]
  0x00000000273cb800 JavaThread "Build operations Thread 4" [_thread_blocked, id=440, stack(0x0000000023720000,0x0000000023820000)]
  0x00000000273c2800 JavaThread "Build operations Thread 3" [_thread_blocked, id=16236, stack(0x0000000023420000,0x0000000023520000)]
  0x00000000273c9800 JavaThread "Build operations Thread 2" [_thread_blocked, id=16896, stack(0x0000000022f20000,0x0000000023020000)]
  0x00000000273c1800 JavaThread "Build operations" [_thread_blocked, id=11372, stack(0x0000000022e20000,0x0000000022f20000)]
  0x00000000273c8800 JavaThread "Cache worker for cache directory md-rule (C:\Users\Shubham\.gradle\caches\6.1.1\md-rule)" [_thread_blocked, id=21168, stack(0x0000000020e10000,0x0000000020f10000)]
  0x00000000273c7800 JavaThread "Cache worker for cache directory md-supplier (C:\Users\Shubham\.gradle\caches\6.1.1\md-supplier)" [_thread_blocked, id=14044, stack(0x0000000020a50000,0x0000000020b50000)]
  0x00000000273c4000 JavaThread "Cache worker for file hash cache (C:\Users\Shubham\Projects\XemaExpenseManagerapp\.gradle\6.1.1\fileHashes)" [_thread_blocked, id=420, stack(0x000000001f910000,0x000000001fa10000)]
  0x00000000273c7000 JavaThread "Cache worker for checksums cache (C:\Users\Shubham\Projects\XemaExpenseManagerapp\.gradle\checksums)" [_thread_blocked, id=12584, stack(0x000000001f610000,0x000000001f710000)]
  0x00000000273c5800 JavaThread "Thread-1097" [_thread_blocked, id=17444, stack(0x000000001cd70000,0x000000001ce70000)]
  0x0000000027f88800 JavaThread "Stdin handler" [_thread_blocked, id=1648, stack(0x000000001ca70000,0x000000001cb70000)]
  0x0000000027f81000 JavaThread "Asynchronous log dispatcher for DefaultDaemonConnection: socket connection from /127.0.0.1:54273 to /127.0.0.1:62736" [_thread_blocked, id=13168, stack(0x000000001c970000,0x000000001ca70000)]
  0x0000000027f80800 JavaThread "Daemon worker Thread 34" [_thread_blocked, id=13328, stack(0x000000001c670000,0x000000001c770000)]
  0x0000000027f86800 JavaThread "Cancel handler" [_thread_blocked, id=6208, stack(0x000000001c570000,0x000000001c670000)]
  0x0000000027f85800 JavaThread "Handler for socket connection from /127.0.0.1:54273 to /127.0.0.1:62736" [_thread_in_native, id=15116, stack(0x0000000000be0000,0x0000000000ce0000)]
  0x0000000027f7e000 JavaThread "Daemon Thread 34" [_thread_blocked, id=18484, stack(0x0000000000ae0000,0x0000000000be0000)]
  0x0000000027f85000 JavaThread "RMI Reaper" [_thread_blocked, id=18748, stack(0x00000000302d0000,0x00000000303d0000)]
  0x0000000027f7c800 JavaThread "GC Daemon" daemon [_thread_blocked, id=17876, stack(0x000000002cfa0000,0x000000002d0a0000)]
  0x000000001e251800 JavaThread "Cache worker for Java compile cache (C:\Users\Shubham\.gradle\caches\6.1.1\javaCompile)" [_thread_blocked, id=20372, stack(0x00000000286c0000,0x00000000287c0000)]
  0x000000001d572000 JavaThread "RMI TCP Accept-0" daemon [_thread_in_native, id=9472, stack(0x0000000025c90000,0x0000000025d90000)]
  0x000000001e24f800 JavaThread "RMI Scheduler(0)" daemon [_thread_blocked, id=11504, stack(0x0000000025990000,0x0000000025a90000)]
  0x000000001e24b000 JavaThread "Cache worker for file content cache (C:\Users\Shubham\.gradle\caches\6.1.1\fileContent)" [_thread_blocked, id=1552, stack(0x0000000024a90000,0x0000000024b90000)]
  0x000000001e24a000 JavaThread "Memory manager" [_thread_blocked, id=14124, stack(0x0000000024220000,0x0000000024320000)]
  0x000000001b180000 JavaThread "Cache worker for execution history cache (C:\Users\Shubham\.gradle\caches\6.1.1\executionHistory)" [_thread_blocked, id=4624, stack(0x0000000020f50000,0x0000000021050000)]
  0x000000001b182800 JavaThread "Cache worker for file hash cache (C:\Users\Shubham\.gradle\caches\6.1.1\fileHashes)" [_thread_blocked, id=16132, stack(0x000000001d270000,0x000000001d370000)]
  0x000000001b186000 JavaThread "File lock request listener" [_thread_in_native, id=17800, stack(0x000000001d170000,0x000000001d270000)]
  0x000000001afc6800 JavaThread "Cache worker for journal cache (C:\Users\Shubham\.gradle\caches\journal-1)" [_thread_blocked, id=4192, stack(0x000000001d070000,0x000000001d170000)]
  0x000000001ae65000 JavaThread "Daemon periodic checks" [_thread_blocked, id=2936, stack(0x000000001c470000,0x000000001c570000)]
  0x000000001ae63800 JavaThread "Incoming local TCP Connector on port 54273" [_thread_in_native, id=6236, stack(0x000000001c230000,0x000000001c330000)]
  0x0000000019213000 JavaThread "Daemon health stats" [_thread_blocked, id=1592, stack(0x000000001bbf0000,0x000000001bcf0000)]
  0x0000000018e78800 JavaThread "Service Thread" daemon [_thread_blocked, id=8300, stack(0x0000000019250000,0x0000000019350000)]
  0x00000000174f5000 JavaThread "C1 CompilerThread2" daemon [_thread_blocked, id=7704, stack(0x0000000018d50000,0x0000000018e50000)]
=>0x00000000174ec800 JavaThread "C2 CompilerThread1" daemon [_thread_in_native, id=8764, stack(0x0000000018c50000,0x0000000018d50000)]
  0x00000000174e7800 JavaThread "C2 CompilerThread0" daemon [_thread_in_native, id=1368, stack(0x0000000018b50000,0x0000000018c50000)]
  0x00000000174e5000 JavaThread "Attach Listener" daemon [_thread_blocked, id=19072, stack(0x0000000018a50000,0x0000000018b50000)]
  0x00000000174e4000 JavaThread "Signal Dispatcher" daemon [_thread_blocked, id=3724, stack(0x0000000018950000,0x0000000018a50000)]
  0x00000000027de000 JavaThread "Finalizer" daemon [_thread_blocked, id=20244, stack(0x0000000018750000,0x0000000018850000)]
  0x00000000174c9800 JavaThread "Reference Handler" daemon [_thread_blocked, id=1968, stack(0x0000000018650000,0x0000000018750000)]
  0x00000000026e2800 JavaThread "main" [_thread_blocked, id=18408, stack(0x0000000002580000,0x0000000002680000)]

Other Threads:
  0x00000000174a6800 VMThread [stack: 0x0000000018550000,0x0000000018650000] [id=944]
  0x000000001753e800 WatcherThread [stack: 0x0000000019350000,0x0000000019450000] [id=17620]

VM state:not at safepoint (normal execution)

VM Mutex/Monitor currently owned by a thread: None

heap address: 0x0000000080000000, size: 2048 MB, Compressed Oops mode: 32-bit
Narrow klass base: 0x0000000000000000, Narrow klass shift: 3
Compressed class space size: 1073741824 Address: 0x0000000100000000

Heap:
 PSYoungGen      total 558592K, used 277053K [0x00000000d5580000, 0x00000000ff180000, 0x0000000100000000)
  eden space 431104K, 61% used [0x00000000d5580000,0x00000000e593b4e8,0x00000000efa80000)
  from space 127488K, 8% used [0x00000000f7500000,0x00000000f7fd4010,0x00000000ff180000)
  to   space 125440K, 0% used [0x00000000efa80000,0x00000000efa80000,0x00000000f7500000)
 ParOldGen       total 413184K, used 265444K [0x0000000080000000, 0x0000000099380000, 0x00000000d5580000)
  object space 413184K, 64% used [0x0000000080000000,0x0000000090339170,0x0000000099380000)
 Metaspace       used 415355K, capacity 426942K, committed 427416K, reserved 1425408K
  class space    used 49738K, capacity 51766K, committed 51888K, reserved 1048576K

Card table byte_map: [0x0000000011c80000,0x0000000012090000] byte_map_base: 0x0000000011880000

Marking Bits: (ParMarkBitMap*) 0x000000005d03f030
 Begin Bits: [0x0000000012740000, 0x0000000014740000)
 End Bits:   [0x0000000014740000, 0x0000000016740000)

Polling page: 0x0000000000d40000

CodeCache: size=245760Kb used=144564Kb max_used=144564Kb free=101195Kb
 bounds [0x00000000028c0000, 0x000000000b6d0000, 0x00000000118c0000]
 total_blobs=42197 nmethods=41220 adapters=887
 compilation: enabled

Compilation events (10 events):
Event: 11954.286 Thread 0x00000000174f5000 55337       3       org.antlr.v4.runtime.DefaultErrorStrategy::inErrorRecoveryMode (5 bytes)
Event: 11954.287 Thread 0x00000000174f5000 nmethod 55337 0x0000000009cfca90 code [0x0000000009cfcbe0, 0x0000000009cfcd30]
Event: 11954.287 Thread 0x00000000174f5000 55339       3       org.antlr.v4.runtime.misc.IntervalSet::<init> (69 bytes)
Event: 11954.287 Thread 0x00000000174f5000 nmethod 55339 0x0000000009cfbe50 code [0x0000000009cfc020, 0x0000000009cfc6c8]
Event: 11954.321 Thread 0x00000000174f5000 55340       1       androidx.room.vo.Field::getColumnName (5 bytes)
Event: 11954.322 Thread 0x00000000174f5000 nmethod 55340 0x0000000009cfbb90 code [0x0000000009cfbce0, 0x0000000009cfbdf0]
Event: 11954.328 Thread 0x00000000174f5000 55341       3       com.squareup.javapoet.Util::checkArgument (18 bytes)
Event: 11954.330 Thread 0x00000000174f5000 nmethod 55341 0x000000000b6cb250 code [0x000000000b6cb480, 0x000000000b6cbfb8]
Event: 11954.330 Thread 0x00000000174f5000 55342       3       com.squareup.javapoet.Util::immutableList (12 bytes)
Event: 11954.330 Thread 0x00000000174f5000 nmethod 55342 0x0000000009cfb350 code [0x0000000009cfb4e0, 0x0000000009cfb948]

GC Heap History (10 events):
Event: 11658.445 GC heap before
{Heap before GC invocations=126 (full 8):
 PSYoungGen      total 538624K, used 409750K [0x00000000d5580000, 0x00000000ff700000, 0x0000000100000000)
  eden space 389632K, 100% used [0x00000000d5580000,0x00000000ed200000,0x00000000ed200000)
  from space 148992K, 13% used [0x00000000ed200000,0x00000000ee5a5810,0x00000000f6380000)
  to   space 144896K, 0% used [0x00000000f6980000,0x00000000f6980000,0x00000000ff700000)
 ParOldGen       total 413184K, used 264515K [0x0000000080000000, 0x0000000099380000, 0x00000000d5580000)
  object space 413184K, 64% used [0x0000000080000000,0x0000000090250eb8,0x0000000099380000)
 Metaspace       used 407602K, capacity 419150K, committed 419608K, reserved 1417216K
  class space    used 48885K, capacity 50894K, committed 50992K, reserved 1048576K
Event: 11658.463 GC heap after
Heap after GC invocations=126 (full 8):
 PSYoungGen      total 546304K, used 15317K [0x00000000d5580000, 0x00000000ff500000, 0x0000000100000000)
  eden space 403456K, 0% used [0x00000000d5580000,0x00000000d5580000,0x00000000edf80000)
  from space 142848K, 10% used [0x00000000f6980000,0x00000000f7875730,0x00000000ff500000)
  to   space 141312K, 0% used [0x00000000edf80000,0x00000000edf80000,0x00000000f6980000)
 ParOldGen       total 413184K, used 265220K [0x0000000080000000, 0x0000000099380000, 0x00000000d5580000)
  object space 413184K, 64% used [0x0000000080000000,0x0000000090301140,0x0000000099380000)
 Metaspace       used 407602K, capacity 419150K, committed 419608K, reserved 1417216K
  class space    used 48885K, capacity 50894K, committed 50992K, reserved 1048576K
}
Event: 11688.282 GC heap before
{Heap before GC invocations=127 (full 8):
 PSYoungGen      total 546304K, used 418773K [0x00000000d5580000, 0x00000000ff500000, 0x0000000100000000)
  eden space 403456K, 100% used [0x00000000d5580000,0x00000000edf80000,0x00000000edf80000)
  from space 142848K, 10% used [0x00000000f6980000,0x00000000f7875730,0x00000000ff500000)
  to   space 141312K, 0% used [0x00000000edf80000,0x00000000edf80000,0x00000000f6980000)
 ParOldGen       total 413184K, used 265220K [0x0000000080000000, 0x0000000099380000, 0x00000000d5580000)
  object space 413184K, 64% used [0x0000000080000000,0x0000000090301140,0x0000000099380000)
 Metaspace       used 407645K, capacity 419214K, committed 419608K, reserved 1417216K
  class space    used 48885K, capacity 50894K, committed 50992K, reserved 1048576K
Event: 11688.310 GC heap after
Heap after GC invocations=127 (full 8):
 PSYoungGen      total 544768K, used 12192K [0x00000000d5580000, 0x00000000ff780000, 0x0000000100000000)
  eden space 403456K, 0% used [0x00000000d5580000,0x00000000d5580000,0x00000000edf80000)
  from space 141312K, 8% used [0x00000000edf80000,0x00000000eeb68020,0x00000000f6980000)
  to   space 137728K, 0% used [0x00000000f7100000,0x00000000f7100000,0x00000000ff780000)
 ParOldGen       total 413184K, used 265324K [0x0000000080000000, 0x0000000099380000, 0x00000000d5580000)
  object space 413184K, 64% used [0x0000000080000000,0x000000009031b160,0x0000000099380000)
 Metaspace       used 407645K, capacity 419214K, committed 419608K, reserved 1417216K
  class space    used 48885K, capacity 50894K, committed 50992K, reserved 1048576K
}
Event: 11763.519 GC heap before
{Heap before GC invocations=128 (full 8):
 PSYoungGen      total 544768K, used 415648K [0x00000000d5580000, 0x00000000ff780000, 0x0000000100000000)
  eden space 403456K, 100% used [0x00000000d5580000,0x00000000edf80000,0x00000000edf80000)
  from space 141312K, 8% used [0x00000000edf80000,0x00000000eeb68020,0x00000000f6980000)
  to   space 137728K, 0% used [0x00000000f7100000,0x00000000f7100000,0x00000000ff780000)
 ParOldGen       total 413184K, used 265324K [0x0000000080000000, 0x0000000099380000, 0x00000000d5580000)
  object space 413184K, 64% used [0x0000000080000000,0x000000009031b160,0x0000000099380000)
 Metaspace       used 407663K, capacity 419218K, committed 419608K, reserved 1417216K
  class space    used 48886K, capacity 50894K, committed 50992K, reserved 1048576K
Event: 11763.535 GC heap after
Heap after GC invocations=128 (full 8):
 PSYoungGen      total 555008K, used 3648K [0x00000000d5580000, 0x00000000ff780000, 0x0000000100000000)
  eden space 417280K, 0% used [0x00000000d5580000,0x00000000d5580000,0x00000000eed00000)
  from space 137728K, 2% used [0x00000000f7100000,0x00000000f7490000,0x00000000ff780000)
  to   space 135168K, 0% used [0x00000000eed00000,0x00000000eed00000,0x00000000f7100000)
 ParOldGen       total 413184K, used 265428K [0x0000000080000000, 0x0000000099380000, 0x00000000d5580000)
  object space 413184K, 64% used [0x0000000080000000,0x0000000090335170,0x0000000099380000)
 Metaspace       used 407663K, capacity 419218K, committed 419608K, reserved 1417216K
  class space    used 48886K, capacity 50894K, committed 50992K, reserved 1048576K
}
Event: 11834.024 GC heap before
{Heap before GC invocations=129 (full 8):
 PSYoungGen      total 555008K, used 420928K [0x00000000d5580000, 0x00000000ff780000, 0x0000000100000000)
  eden space 417280K, 100% used [0x00000000d5580000,0x00000000eed00000,0x00000000eed00000)
  from space 137728K, 2% used [0x00000000f7100000,0x00000000f7490000,0x00000000ff780000)
  to   space 135168K, 0% used [0x00000000eed00000,0x00000000eed00000,0x00000000f7100000)
 ParOldGen       total 413184K, used 265428K [0x0000000080000000, 0x0000000099380000, 0x00000000d5580000)
  object space 413184K, 64% used [0x0000000080000000,0x0000000090335170,0x0000000099380000)
 Metaspace       used 407710K, capacity 419282K, committed 419608K, reserved 1417216K
  class space    used 48886K, capacity 50894K, committed 50992K, reserved 1048576K
Event: 11834.051 GC heap after
Heap after GC invocations=129 (full 8):
 PSYoungGen      total 552448K, used 10512K [0x00000000d5580000, 0x00000000ff480000, 0x0000000100000000)
  eden space 417280K, 0% used [0x00000000d5580000,0x00000000d5580000,0x00000000eed00000)
  from space 135168K, 7% used [0x00000000eed00000,0x00000000ef744010,0x00000000f7100000)
  to   space 130560K, 0% used [0x00000000f7500000,0x00000000f7500000,0x00000000ff480000)
 ParOldGen       total 413184K, used 265436K [0x0000000080000000, 0x0000000099380000, 0x00000000d5580000)
  object space 413184K, 64% used [0x0000000080000000,0x0000000090337170,0x0000000099380000)
 Metaspace       used 407710K, capacity 419282K, committed 419608K, reserved 1417216K
  class space    used 48886K, capacity 50894K, committed 50992K, reserved 1048576K
}
Event: 11941.030 GC heap before
{Heap before GC invocations=130 (full 8):
 PSYoungGen      total 552448K, used 427792K [0x00000000d5580000, 0x00000000ff480000, 0x0000000100000000)
  eden space 417280K, 100% used [0x00000000d5580000,0x00000000eed00000,0x00000000eed00000)
  from space 135168K, 7% used [0x00000000eed00000,0x00000000ef744010,0x00000000f7100000)
  to   space 130560K, 0% used [0x00000000f7500000,0x00000000f7500000,0x00000000ff480000)
 ParOldGen       total 413184K, used 265436K [0x0000000080000000, 0x0000000099380000, 0x00000000d5580000)
  object space 413184K, 64% used [0x0000000080000000,0x0000000090337170,0x0000000099380000)
 Metaspace       used 407718K, capacity 419282K, committed 419608K, reserved 1417216K
  class space    used 48886K, capacity 50894K, committed 50992K, reserved 1048576K
Event: 11941.085 GC heap after
Heap after GC invocations=130 (full 8):
 PSYoungGen      total 558592K, used 11088K [0x00000000d5580000, 0x00000000ff180000, 0x0000000100000000)
  eden space 431104K, 0% used [0x00000000d5580000,0x00000000d5580000,0x00000000efa80000)
  from space 127488K, 8% used [0x00000000f7500000,0x00000000f7fd4010,0x00000000ff180000)
  to   space 125440K, 0% used [0x00000000efa80000,0x00000000efa80000,0x00000000f7500000)
 ParOldGen       total 413184K, used 265444K [0x0000000080000000, 0x0000000099380000, 0x00000000d5580000)
  object space 413184K, 64% used [0x0000000080000000,0x0000000090339170,0x0000000099380000)
 Metaspace       used 407718K, capacity 419282K, committed 419608K, reserved 1417216K
  class space    used 48886K, capacity 50894K, committed 50992K, reserved 1048576K
}

Deoptimization events (10 events):
Event: 11553.520 Thread 0x000000001e04e000 Uncommon trap: reason=unstable_if action=reinterpret pc=0x000000000b56e7d0 method=android.databinding.tool.reflection.SdkUtil$ApiChecker.buildFullLookup()V @ 49
Event: 11610.794 Thread 0x000000001e051000 Uncommon trap: reason=unstable_if action=reinterpret pc=0x00000000039be0ec method=java.text.DecimalFormat.format(JLjava/lang/StringBuffer;Ljava/text/Format$FieldDelegate;)Ljava/lang/StringBuffer; @ 136
Event: 11610.794 Thread 0x000000001e051000 Uncommon trap: reason=unstable_if action=reinterpret pc=0x0000000007d7aa74 method=java.text.DigitList.set(ZJI)V @ 8
Event: 11610.794 Thread 0x000000001e051000 Uncommon trap: reason=unstable_if action=reinterpret pc=0x0000000003c01fac method=java.text.DigitList.isZero()Z @ 7
Event: 11611.635 Thread 0x00000000273cb800 Uncommon trap: reason=unstable_if action=reinterpret pc=0x000000000740b3bc method=sun.util.calendar.CalendarDate.setMinutes(I)Lsun/util/calendar/CalendarDate; @ 5
Event: 11615.239 Thread 0x0000000027f80800 Uncommon trap: reason=unstable_if action=reinterpret pc=0x0000000007e4493c method=java.math.MutableBigInteger.mul(ILjava/math/MutableBigInteger;)V @ 2
Event: 11763.766 Thread 0x00000000273cd000 Uncommon trap: reason=unstable_if action=reinterpret pc=0x0000000004f80b64 method=java.util.concurrent.ConcurrentHashMap.replaceNode(Ljava/lang/Object;Ljava/lang/Object;Ljava/lang/Object;)Ljava/lang/Object; @ 99
Event: 11940.285 Thread 0x0000000027f85800 Uncommon trap: reason=predicate action=maybe_recompile pc=0x000000000647aa14 method=java.io.ObjectInputStream.readArray(Z)Ljava/lang/Object; @ 408
Event: 11953.860 Thread 0x000000001e04f000 Uncommon trap: reason=unstable_if action=reinterpret pc=0x000000000369dcf0 method=org.sqlite.SQLiteJDBCLoader.contentsEquals(Ljava/io/InputStream;Ljava/io/InputStream;)Z @ 39
Event: 11954.055 Thread 0x000000001e04f000 Uncommon trap: reason=unstable_if action=reinterpret pc=0x000000000b33b6a0 method=org.antlr.v4.runtime.atn.ATNState.addTransition(ILorg/antlr/v4/runtime/atn/Transition;)V @ 115

Classes redefined (0 events):
No events

Internal exceptions (10 events):
Event: 11952.507 Thread 0x000000001e04f000 Exception <a 'java/security/PrivilegedActionException'> (0x00000000e1362198) thrown at [C:\src\AOSP-openjdk-git\hotspot\src\share\vm\prims\jvm.cpp, line 1502]
Event: 11952.507 Thread 0x000000001e04f000 Exception <a 'java/security/PrivilegedActionException'> (0x00000000e1362590) thrown at [C:\src\AOSP-openjdk-git\hotspot\src\share\vm\prims\jvm.cpp, line 1502]
Event: 11952.507 Thread 0x000000001e04f000 Exception <a 'java/security/PrivilegedActionException'> (0x00000000e1364178) thrown at [C:\src\AOSP-openjdk-git\hotspot\src\share\vm\prims\jvm.cpp, line 1502]
Event: 11952.507 Thread 0x000000001e04f000 Exception <a 'java/security/PrivilegedActionException'> (0x00000000e1364570) thrown at [C:\src\AOSP-openjdk-git\hotspot\src\share\vm\prims\jvm.cpp, line 1502]
Event: 11952.507 Thread 0x000000001e04f000 Exception <a 'java/security/PrivilegedActionException'> (0x00000000e1365f58) thrown at [C:\src\AOSP-openjdk-git\hotspot\src\share\vm\prims\jvm.cpp, line 1502]
Event: 11952.507 Thread 0x000000001e04f000 Exception <a 'java/security/PrivilegedActionException'> (0x00000000e1366350) thrown at [C:\src\AOSP-openjdk-git\hotspot\src\share\vm\prims\jvm.cpp, line 1502]
Event: 11952.507 Thread 0x000000001e04f000 Exception <a 'java/security/PrivilegedActionException'> (0x00000000e1367e10) thrown at [C:\src\AOSP-openjdk-git\hotspot\src\share\vm\prims\jvm.cpp, line 1502]
Event: 11952.507 Thread 0x000000001e04f000 Exception <a 'java/security/PrivilegedActionException'> (0x00000000e1368208) thrown at [C:\src\AOSP-openjdk-git\hotspot\src\share\vm\prims\jvm.cpp, line 1502]
Event: 11952.507 Thread 0x000000001e04f000 Exception <a 'java/security/PrivilegedActionException'> (0x00000000e1369db8) thrown at [C:\src\AOSP-openjdk-git\hotspot\src\share\vm\prims\jvm.cpp, line 1502]
Event: 11952.507 Thread 0x000000001e04f000 Exception <a 'java/security/PrivilegedActionException'> (0x00000000e136a1b0) thrown at [C:\src\AOSP-openjdk-git\hotspot\src\share\vm\prims\jvm.cpp, line 1502]

Events (10 events):
Event: 11954.329 loading class com/squareup/javapoet/WildcardTypeName
Event: 11954.329 loading class com/squareup/javapoet/WildcardTypeName done
Event: 11954.331 loading class androidx/room/solver/shortcut/binder/CallableInsertMethodBinder$convertAndReturn$callableImpl$1
Event: 11954.331 loading class androidx/room/solver/shortcut/binder/CallableInsertMethodBinder$convertAndReturn$callableImpl$1 done
Event: 11954.334 loading class androidx/room/writer/DaoWriter$PreparedStmtQuery
Event: 11954.334 loading class androidx/room/writer/DaoWriter$PreparedStmtQuery done
Event: 11954.334 loading class androidx/room/writer/DaoWriter$PreparedStmtQuery$Companion
Event: 11954.334 loading class androidx/room/writer/DaoWriter$PreparedStmtQuery$Companion done
Event: 11954.335 loading class androidx/room/writer/DaoWriter$createDeletionMethods$1
Event: 11954.335 loading class androidx/room/writer/DaoWriter$createDeletionMethods$1 done


Dynamic libraries:
0x00007ff792430000 - 0x00007ff792461000 	C:\Program Files\Android\Android Studio\jre\bin\java.exe
0x00007ffd8ee30000 - 0x00007ffd8f024000 	C:\WINDOWS\SYSTEM32\ntdll.dll
0x00007ffd8d200000 - 0x00007ffd8d2bd000 	C:\WINDOWS\System32\KERNEL32.DLL
0x00007ffd8c920000 - 0x00007ffd8cbe7000 	C:\WINDOWS\System32\KERNELBASE.dll
0x00007ffd8e360000 - 0x00007ffd8e40a000 	C:\WINDOWS\System32\ADVAPI32.dll
0x00007ffd8ed50000 - 0x00007ffd8edee000 	C:\WINDOWS\System32\msvcrt.dll
0x00007ffd8e230000 - 0x00007ffd8e2cb000 	C:\WINDOWS\System32\sechost.dll
0x00007ffd8cf10000 - 0x00007ffd8d033000 	C:\WINDOWS\System32\RPCRT4.dll
0x00007ffd8d7d0000 - 0x00007ffd8d970000 	C:\WINDOWS\System32\USER32.dll
0x00007ffd8c7e0000 - 0x00007ffd8c802000 	C:\WINDOWS\System32\win32u.dll
0x00007ffd8d040000 - 0x00007ffd8d06a000 	C:\WINDOWS\System32\GDI32.dll
0x00007ffd8c810000 - 0x00007ffd8c91a000 	C:\WINDOWS\System32\gdi32full.dll
0x00007ffd8cbf0000 - 0x00007ffd8cc8d000 	C:\WINDOWS\System32\msvcp_win.dll
0x00007ffd8c600000 - 0x00007ffd8c700000 	C:\WINDOWS\System32\ucrtbase.dll
0x00007ffd7c0f0000 - 0x00007ffd7c38a000 	C:\WINDOWS\WinSxS\amd64_microsoft.windows.common-controls_6595b64144ccf1df_6.0.19041.1_none_b555e41d4684ddec\COMCTL32.dll
0x00007ffd8d430000 - 0x00007ffd8d460000 	C:\WINDOWS\System32\IMM32.DLL
0x000000005e670000 - 0x000000005e742000 	C:\Program Files\Android\Android Studio\jre\jre\bin\msvcr100.dll
0x000000005c870000 - 0x000000005d0bb000 	C:\Program Files\Android\Android Studio\jre\jre\bin\server\jvm.dll
0x00007ffd8cea0000 - 0x00007ffd8cea8000 	C:\WINDOWS\System32\PSAPI.DLL
0x00007ffd84e30000 - 0x00007ffd84e3a000 	C:\WINDOWS\SYSTEM32\VERSION.dll
0x00007ffd7eb60000 - 0x00007ffd7eb87000 	C:\WINDOWS\SYSTEM32\WINMM.dll
0x00007ffd88330000 - 0x00007ffd88339000 	C:\WINDOWS\SYSTEM32\WSOCK32.dll
0x00007ffd8dd50000 - 0x00007ffd8ddbb000 	C:\WINDOWS\System32\WS2_32.dll
0x00007ffd88320000 - 0x00007ffd8832f000 	C:\Program Files\Android\Android Studio\jre\jre\bin\verify.dll
0x00007ffd76b90000 - 0x00007ffd76bb9000 	C:\Program Files\Android\Android Studio\jre\jre\bin\java.dll
0x00007ffd85230000 - 0x00007ffd85246000 	C:\Program Files\Android\Android Studio\jre\jre\bin\zip.dll
0x00007ffd8e5b0000 - 0x00007ffd8ece4000 	C:\WINDOWS\System32\SHELL32.dll
0x00007ffd8a6f0000 - 0x00007ffd8ae7e000 	C:\WINDOWS\SYSTEM32\windows.storage.dll
0x00007ffd8d460000 - 0x00007ffd8d7b3000 	C:\WINDOWS\System32\combase.dll
0x00007ffd8bf30000 - 0x00007ffd8bf5b000 	C:\WINDOWS\SYSTEM32\Wldp.dll
0x00007ffd8e500000 - 0x00007ffd8e5ae000 	C:\WINDOWS\System32\SHCORE.dll
0x00007ffd8db20000 - 0x00007ffd8db75000 	C:\WINDOWS\System32\shlwapi.dll
0x00007ffd8c4c0000 - 0x00007ffd8c4df000 	C:\WINDOWS\SYSTEM32\profapi.dll
0x00007ffd82cb0000 - 0x00007ffd82cca000 	C:\Program Files\Android\Android Studio\jre\jre\bin\net.dll
0x00007ffd8bcb0000 - 0x00007ffd8bd1a000 	C:\WINDOWS\system32\mswsock.dll
0x00007ffd6f580000 - 0x00007ffd6f593000 	C:\Program Files\Android\Android Studio\jre\jre\bin\nio.dll
0x00007ffd89dc0000 - 0x00007ffd89de6000 	C:\Users\Shubham\.gradle\native\31\windows-amd64\native-platform.dll
0x00007ffd88310000 - 0x00007ffd8831d000 	C:\Program Files\Android\Android Studio\jre\jre\bin\management.dll
0x00007ffd8be90000 - 0x00007ffd8bea8000 	C:\WINDOWS\SYSTEM32\CRYPTSP.dll
0x00007ffd8b640000 - 0x00007ffd8b674000 	C:\WINDOWS\system32\rsaenh.dll
0x00007ffd8c580000 - 0x00007ffd8c5a7000 	C:\WINDOWS\System32\bcrypt.dll
0x00007ffd8c440000 - 0x00007ffd8c46e000 	C:\WINDOWS\SYSTEM32\USERENV.dll
0x00007ffd8c700000 - 0x00007ffd8c77f000 	C:\WINDOWS\System32\bcryptprimitives.dll
0x00007ffd8be80000 - 0x00007ffd8be8c000 	C:\WINDOWS\SYSTEM32\CRYPTBASE.dll
0x00007ffd8b9a0000 - 0x00007ffd8b9db000 	C:\WINDOWS\SYSTEM32\IPHLPAPI.DLL
0x00007ffd8d2c0000 - 0x00007ffd8d2c9000 	C:\WINDOWS\System32\NSI.dll
0x00007ffd82c90000 - 0x00007ffd82ca7000 	C:\WINDOWS\SYSTEM32\dhcpcsvc6.DLL
0x00007ffd83040000 - 0x00007ffd8305d000 	C:\WINDOWS\SYSTEM32\dhcpcsvc.DLL
0x00007ffd8b9e0000 - 0x00007ffd8baaa000 	C:\WINDOWS\SYSTEM32\DNSAPI.dll
0x00007ffd7c470000 - 0x00007ffd7c48e000 	C:\Users\Shubham\AppData\Local\Temp\native-platform5067654538342439646dir\native-platform.dll
0x0000000066e00000 - 0x0000000066f03000 	C:\Users\Shubham\AppData\Local\Temp\sqlite-3.25.2-feb6df0b-86d0-4c76-91a4-62edc560a7ad-sqlitejdbc.dll
0x000000002a820000 - 0x000000002a923000 	C:\Users\Shubham\AppData\Local\Temp\sqlite-3.25.2-c36ab070-65e1-44f8-97f0-84cac9b7586b-sqlitejdbc.dll
0x0000000029c90000 - 0x0000000029d93000 	C:\Users\Shubham\AppData\Local\Temp\sqlite-3.25.2-b9d195b8-7687-4ac9-a3b3-4ab9052780d5-sqlitejdbc.dll
0x000000002d420000 - 0x000000002d523000 	C:\Users\Shubham\AppData\Local\Temp\sqlite-3.25.2-51d0b5c6-a5fd-4467-91e7-f69d0c6e4725-sqlitejdbc.dll
0x0000000028cc0000 - 0x0000000028dc3000 	C:\Users\Shubham\AppData\Local\Temp\sqlite-3.25.2-2b54cab9-fc14-44f9-bae4-89a144bd1518-sqlitejdbc.dll
0x00007ffd8b2d0000 - 0x00007ffd8b303000 	C:\WINDOWS\SYSTEM32\ntmarta.dll
0x0000000032460000 - 0x0000000032563000 	C:\Users\Shubham\AppData\Local\Temp\sqlite-3.25.2-35a0631e-e122-42e2-8f9e-df67027ed055-sqlitejdbc.dll
0x000000002ce90000 - 0x000000002cf93000 	C:\Users\Shubham\AppData\Local\Temp\sqlite-3.25.2-bd472d56-a36a-4508-acb8-fd58b156f20e-sqlitejdbc.dll
0x000000002d0a0000 - 0x000000002d1a3000 	C:\Users\Shubham\AppData\Local\Temp\sqlite-3.25.2-16daf262-c948-4f91-b52f-bf425afbdc45-sqlitejdbc.dll
0x00000000309d0000 - 0x0000000030ad3000 	C:\Users\Shubham\AppData\Local\Temp\sqlite-3.25.2-2624aa47-d9ba-4c14-a8c4-429e1016424c-sqlitejdbc.dll
0x00000000375f0000 - 0x00000000376f3000 	C:\Users\Shubham\AppData\Local\Temp\sqlite-3.25.2-b808ad01-2fe0-41f3-bb95-e3b677beb053-sqlitejdbc.dll
0x0000000036b20000 - 0x0000000036c23000 	C:\Users\Shubham\AppData\Local\Temp\sqlite-3.25.2-dc91e186-5e11-4003-98c7-c96515fb903f-sqlitejdbc.dll
0x0000000038140000 - 0x0000000038243000 	C:\Users\Shubham\AppData\Local\Temp\sqlite-3.25.2-285ec8e4-8770-48ee-9a5e-4c5582c4665f-sqlitejdbc.dll
0x0000000032f70000 - 0x0000000033073000 	C:\Users\Shubham\AppData\Local\Temp\sqlite-3.25.2-a821f7ba-9730-4a14-acf0-be7e70007dc3-sqlitejdbc.dll
0x0000000035130000 - 0x0000000035233000 	C:\Users\Shubham\AppData\Local\Temp\sqlite-3.25.2-b2487868-4765-4b7a-81dc-fc2c38c9e64d-sqlitejdbc.dll
0x0000000030d40000 - 0x0000000030e43000 	C:\Users\Shubham\AppData\Local\Temp\sqlite-3.25.2-1d1a247e-2781-42fa-b84e-c53019b190aa-sqlitejdbc.dll
0x00000000363e0000 - 0x00000000364e3000 	C:\Users\Shubham\AppData\Local\Temp\sqlite-3.25.2-c6d24778-8d99-4692-a128-6e06ab702c6c-sqlitejdbc.dll
0x000000003ff20000 - 0x0000000040023000 	C:\Users\Shubham\AppData\Local\Temp\sqlite-3.25.2-9a3df0aa-aa20-4ddf-bddf-c10715e8ec86-sqlitejdbc.dll
0x0000000036c30000 - 0x0000000036d33000 	C:\Users\Shubham\AppData\Local\Temp\sqlite-3.25.2-a8a054fe-68b2-47ce-bc37-12ba9034ad9f-sqlitejdbc.dll
0x0000000043600000 - 0x0000000043703000 	C:\Users\Shubham\AppData\Local\Temp\sqlite-3.25.2-7cd1ce61-a595-4f80-9b5d-f33fe7b370c5-sqlitejdbc.dll
0x000000003e200000 - 0x000000003e303000 	C:\Users\Shubham\AppData\Local\Temp\sqlite-3.25.2-696ebb9c-5aa7-414d-bf1d-22b6920dc913-sqlitejdbc.dll
0x0000000047d00000 - 0x0000000047e03000 	C:\Users\Shubham\AppData\Local\Temp\sqlite-3.25.2-57938dfe-6bf2-4a2c-88c4-404717353f26-sqlitejdbc.dll
0x000000003a1e0000 - 0x000000003a2e3000 	C:\Users\Shubham\AppData\Local\Temp\sqlite-3.25.2-72511591-e067-4156-9207-c12f2864dacc-sqlitejdbc.dll
0x000000003add0000 - 0x000000003aed3000 	C:\Users\Shubham\AppData\Local\Temp\sqlite-3.25.2-99a3423a-b83d-46c2-b4b7-461c58a4494a-sqlitejdbc.dll
0x000000003cc00000 - 0x000000003cd03000 	C:\Users\Shubham\AppData\Local\Temp\sqlite-3.25.2-c7bdd1a4-60b7-4e64-897b-8a3653572ed4-sqlitejdbc.dll

VM Arguments:
jvm_args: -Xmx2048m -Dfile.encoding=windows-1252 -Duser.country=US -Duser.language=en -Duser.variant 
java_command: org.gradle.launcher.daemon.bootstrap.GradleDaemon 6.1.1
java_class_path (initial): C:\Users\Shubham\.gradle\wrapper\dists\gradle-6.1.1-all\cfmwm155h49vnt3hynmlrsdst\gradle-6.1.1\lib\gradle-launcher-6.1.1.jar
Launcher Type: SUN_STANDARD

Environment Variables:
PATH=C:\Program Files (x86)\Common Files\Intel\Shared Libraries\redist\intel64\compiler;C:\Program Files (x86)\Intel\iCLS Client\;C:\Program Files\Intel\iCLS Client\;C:\Windows\system32;C:\Windows;C:\Windows\System32\Wbem;C:\Windows\System32\WindowsPowerShell\v1.0\;C:\Program Files (x86)\Intel\Intel(R) Management Engine Components\DAL;C:\Program Files\Intel\Intel(R) Management Engine Components\DAL;C:\Program Files (x86)\Intel\Intel(R) Management Engine Components\IPT;C:\Program Files\Intel\Intel(R) Management Engine Components\IPT;C:\Program Files (x86)\NVIDIA Corporation\PhysX\Common;C:\WINDOWS\system32;C:\WINDOWS;C:\WINDOWS\System32\Wbem;C:\WINDOWS\System32\WindowsPowerShell\v1.0\;C:\WINDOWS\System32\OpenSSH\;C:\Users\Shubham\Anaconda3;C:\Program Files (x86)\Brackets\command;C:\Program Files\NVIDIA Corporation\NVIDIA NvDLISR;C:\WINDOWS\system32;C:\WINDOWS;C:\WINDOWS\System32\Wbem;C:\WINDOWS\System32\WindowsPowerShell\v1.0\;C:\WINDOWS\System32\OpenSSH\;C:\Program Files\Git\cmd;C:\Program Files\Java\jdk-14\bin;C:\Users\Shubham\Anaconda3;C:\Users\Shubham\Anaconda3\Library\mingw-w64\bin;C:\Users\Shubham\Anaconda3\Library\usr\bin;C:\Users\Shubham\Anaconda3\Library\bin;C:\Users\Shubham\Anaconda3\Scripts;C:\Users\Shubham\AppData\Local\Microsoft\WindowsApps;C:\dev\flutter\bin;
USERNAME=Shubham
OS=Windows_NT
PROCESSOR_IDENTIFIER=Intel64 Family 6 Model 158 Stepping 9, GenuineIntel



---------------  S Y S T E M  ---------------

OS: Windows 10.0 , 64 bit Build 19041 (10.0.19041.292)

CPU:total 4 (initial active 4) (4 cores per cpu, 1 threads per core) family 6 model 158 stepping 9, cmov, cx8, fxsr, mmx, sse, sse2, sse3, ssse3, sse4.1, sse4.2, popcnt, avx, avx2, aes, clmul, erms, 3dnowpref, lzcnt, tsc, tscinvbit, bmi1, bmi2, adx

Memory: 4k page, physical 8269412k(459828k free), swap 16658020k(4020k free)

vm_info: OpenJDK 64-Bit Server VM (25.242-b01) for windows-amd64 JRE (1.8.0_242-release-1644-b01), built by "builder" with MS VC++ 10.0 (VS2010)

time: Tue Jul 21 19:06:15 2020
timezone: India Standard Time
elapsed time: 11954 seconds (0d 3h 19m 14s)

