#
# There is insufficient memory for the Java Runtime Environment to continue.
# Native memory allocation (malloc) failed to allocate 1171696 bytes for Chunk::new
# Possible reasons:
#   The system is out of physical RAM or swap space
#   The process is running with CompressedOops enabled, and the Java Heap may be blocking the growth of the native heap
# Possible solutions:
#   Reduce memory load on the system
#   Increase physical memory or swap space
#   Check if swap backing store is full
#   Decrease Java heap size (-Xmx/-Xms)
#   Decrease number of Java threads
#   Decrease Java thread stack sizes (-Xss)
#   Set larger code cache with -XX:ReservedCodeCacheSize=
#   JVM is running with Unscaled Compressed Oops mode in which the Java heap is
#     placed in the first 4GB address space. The Java Heap base address is the
#     maximum limit for the native heap growth. Please use -XX:HeapBaseMinAddress
#     to set the Java Heap base and to place the Java Heap above 4GB virtual address.
# This output file may be truncated or incomplete.
#
#  Out of Memory Error (allocation.cpp:389), pid=624, tid=0x0000000000004a38
#
# JRE version: OpenJDK Runtime Environment (8.0_242-b01) (build 1.8.0_242-release-1644-b01)
# Java VM: OpenJDK 64-Bit Server VM (25.242-b01 mixed mode windows-amd64 compressed oops)
# Failed to write core dump. Minidumps are not enabled by default on client versions of Windows
#

---------------  T H R E A D  ---------------

Current thread (0x0000000017541000):  JavaThread "C2 CompilerThread1" daemon [_thread_in_native, id=19000, stack(0x0000000018ca0000,0x0000000018da0000)]

Stack: [0x0000000018ca0000,0x0000000018da0000]
[error occurred during error reporting (printing stack bounds), id 0xc0000005]

Native frames: (J=compiled Java code, j=interpreted, Vv=VM code, C=native code)


Current CompileTask:
C2:   7225 3612       4       groovy.lang.MetaClassImpl$1MOPIter::methodNameAction (325 bytes)


---------------  P R O C E S S  ---------------

Java Threads: ( => current thread )
  0x00000000200ea800 JavaThread "Build operations Thread 4" [_thread_blocked, id=1336, stack(0x0000000022d40000,0x0000000022e40000)]
  0x00000000200ec800 JavaThread "Build operations Thread 3" [_thread_blocked, id=10440, stack(0x0000000022c40000,0x0000000022d40000)]
  0x00000000200ec000 JavaThread "Build operations Thread 2" [_thread_blocked, id=20760, stack(0x0000000022b40000,0x0000000022c40000)]
  0x00000000200e8000 JavaThread "Build operations" [_thread_blocked, id=11768, stack(0x0000000022a40000,0x0000000022b40000)]
  0x000000001755f800 JavaThread "Cache worker for execution history cache (C:\Users\Shubham\.gradle\caches\6.1.1\executionHistory)" [_thread_blocked, id=12152, stack(0x0000000020c80000,0x0000000020d80000)]
  0x000000001755f000 JavaThread "Cache worker for cache directory md-rule (C:\Users\Shubham\.gradle\caches\6.1.1\md-rule)" [_thread_blocked, id=18180, stack(0x0000000020b80000,0x0000000020c80000)]
  0x0000000017564000 JavaThread "Cache worker for cache directory md-supplier (C:\Users\Shubham\.gradle\caches\6.1.1\md-supplier)" [_thread_blocked, id=20292, stack(0x0000000020a80000,0x0000000020b80000)]
  0x0000000017561000 JavaThread "Cache worker for file hash cache (C:\Users\Shubham\Projects\XemaExpenseManagerapp\.gradle\6.1.1\fileHashes)" [_thread_blocked, id=12084, stack(0x0000000020f70000,0x0000000021070000)]
  0x000000001755e000 JavaThread "Cache worker for checksums cache (C:\Users\Shubham\Projects\XemaExpenseManagerapp\.gradle\checksums)" [_thread_blocked, id=14852, stack(0x0000000020e70000,0x0000000020f70000)]
  0x0000000017563800 JavaThread "Cache worker for file hash cache (C:\Users\Shubham\.gradle\caches\6.1.1\fileHashes)" [_thread_blocked, id=18312, stack(0x000000001d2c0000,0x000000001d3c0000)]
  0x0000000017565000 JavaThread "File lock request listener" [_thread_in_native, id=8288, stack(0x000000001d1c0000,0x000000001d2c0000)]
  0x000000001b12a000 JavaThread "Cache worker for journal cache (C:\Users\Shubham\.gradle\caches\journal-1)" [_thread_blocked, id=11780, stack(0x000000001d0c0000,0x000000001d1c0000)]
  0x000000001afa8000 JavaThread "Thread-9" [_thread_blocked, id=4760, stack(0x000000001cdc0000,0x000000001cec0000)]
  0x000000001afa7000 JavaThread "Stdin handler" [_thread_blocked, id=15060, stack(0x000000001ccc0000,0x000000001cdc0000)]
  0x000000001afa6800 JavaThread "Asynchronous log dispatcher for DefaultDaemonConnection: socket connection from /127.0.0.1:57650 to /127.0.0.1:57651" [_thread_blocked, id=3524, stack(0x000000001cbc0000,0x000000001ccc0000)]
  0x000000001afa1000 JavaThread "Daemon worker" [_thread_in_vm, id=16452, stack(0x000000001cac0000,0x000000001cbc0000)]
  0x000000001afa9800 JavaThread "Cancel handler" [_thread_blocked, id=3464, stack(0x000000001c9c0000,0x000000001cac0000)]
  0x000000001aef4800 JavaThread "Handler for socket connection from /127.0.0.1:57650 to /127.0.0.1:57651" [_thread_in_native, id=3396, stack(0x000000001c6c0000,0x000000001c7c0000)]
  0x000000001aef4000 JavaThread "Daemon" [_thread_blocked, id=4172, stack(0x000000001c5c0000,0x000000001c6c0000)]
  0x000000001aefc000 JavaThread "Daemon periodic checks" [_thread_blocked, id=13076, stack(0x000000001c4c0000,0x000000001c5c0000)]
  0x000000001aefa000 JavaThread "Incoming local TCP Connector on port 57650" [_thread_in_native, id=9316, stack(0x000000001c280000,0x000000001c380000)]
  0x000000001ae59800 JavaThread "Daemon health stats" [_thread_blocked, id=21336, stack(0x000000001bc40000,0x000000001bd40000)]
  0x0000000018ed6000 JavaThread "Service Thread" daemon [_thread_blocked, id=14952, stack(0x00000000192a0000,0x00000000193a0000)]
  0x0000000017562800 JavaThread "C1 CompilerThread2" daemon [_thread_blocked, id=9148, stack(0x0000000018da0000,0x0000000018ea0000)]
=>0x0000000017541000 JavaThread "C2 CompilerThread1" daemon [_thread_in_native, id=19000, stack(0x0000000018ca0000,0x0000000018da0000)]
  0x0000000017536800 JavaThread "C2 CompilerThread0" daemon [_thread_in_native, id=16244, stack(0x0000000018ba0000,0x0000000018ca0000)]
  0x0000000017534000 JavaThread "Attach Listener" daemon [_thread_blocked, id=6672, stack(0x0000000018aa0000,0x0000000018ba0000)]
  0x0000000017532800 JavaThread "Signal Dispatcher" daemon [_thread_blocked, id=20312, stack(0x00000000189a0000,0x0000000018aa0000)]
  0x000000000290b800 JavaThread "Finalizer" daemon [_thread_blocked, id=20264, stack(0x00000000187a0000,0x00000000188a0000)]
  0x0000000017519000 JavaThread "Reference Handler" daemon [_thread_blocked, id=8068, stack(0x00000000186a0000,0x00000000187a0000)]
  0x0000000002812800 JavaThread "main" [_thread_blocked, id=16380, stack(0x00000000026a0000,0x00000000027a0000)]

Other Threads:
  0x00000000174f5800 VMThread [stack: 0x00000000185a0000,0x00000000186a0000] [id=17968]
  0x0000000018ed6800 WatcherThread [stack: 0x00000000193a0000,0x00000000194a0000] [id=5576]

VM state:not at safepoint (normal execution)

VM Mutex/Monitor currently owned by a thread: None

OutOfMemory and StackOverflow Exception counts:
OutOfMemoryError java_heap_errors=5

heap address: 0x0000000080000000, size: 2048 MB, Compressed Oops mode: 32-bit
Narrow klass base: 0x0000000000000000, Narrow klass shift: 3
Compressed class space size: 1073741824 Address: 0x0000000100000000

Heap:
 PSYoungGen      total 141824K, used 41988K [0x00000000d5580000, 0x00000000e3d00000, 0x0000000100000000)
  eden space 128000K, 32% used [0x00000000d5580000,0x00000000d7e812b8,0x00000000dd280000)
  from space 13824K, 0% used [0x00000000dd280000,0x00000000dd280000,0x00000000de000000)
  to   space 15360K, 0% used [0x00000000e2e00000,0x00000000e2e00000,0x00000000e3d00000)
 ParOldGen       total 91136K, used 18686K [0x0000000080000000, 0x0000000085900000, 0x00000000d5580000)
  object space 91136K, 20% used [0x0000000080000000,0x000000008123fb78,0x0000000085900000)
 Metaspace       used 36129K, capacity 37378K, committed 37552K, reserved 1081344K
  class space    used 4960K, capacity 5240K, committed 5296K, reserved 1048576K

Card table byte_map: [0x0000000011cd0000,0x00000000120e0000] byte_map_base: 0x00000000118d0000

Marking Bits: (ParMarkBitMap*) 0x000000006dbcf030
 Begin Bits: [0x0000000012790000, 0x0000000014790000)
 End Bits:   [0x0000000014790000, 0x0000000016790000)

Polling page: 0x0000000000e10000

CodeCache: size=245760Kb used=12794Kb max_used=12797Kb free=232965Kb
 bounds [0x0000000002910000, 0x00000000035a0000, 0x0000000011910000]
 total_blobs=4300 nmethods=3599 adapters=614
 compilation: enabled

Compilation events (10 events):
Event: 7.016 Thread 0x0000000017536800 3630       4       org.objectweb.asm.Frame::execute (2318 bytes)
Event: 7.016 Thread 0x0000000017562800 nmethod 3631 0x0000000003590c10 code [0x0000000003590de0, 0x0000000003591488]
Event: 7.063 Thread 0x0000000017562800 3632       3       java.lang.invoke.MemberName::isField (7 bytes)
Event: 7.063 Thread 0x0000000017562800 nmethod 3632 0x0000000003590750 code [0x00000000035908c0, 0x0000000003590b30]
Event: 7.082 Thread 0x0000000017562800 3633       3       com.google.common.collect.AbstractMapBasedMultimap$WrappedCollection$WrappedIterator::hasNext (14 bytes)
Event: 7.082 Thread 0x0000000017562800 nmethod 3633 0x000000000358ff50 code [0x00000000035900e0, 0x0000000003590528]
Event: 7.082 Thread 0x0000000017562800 3634       1       com.google.common.collect.CompactHashMap::size (5 bytes)
Event: 7.083 Thread 0x0000000017562800 nmethod 3634 0x0000000003578d90 code [0x0000000003578ee0, 0x0000000003578ff0]
Event: 7.111 Thread 0x0000000017562800 3637       3       java.util.concurrent.atomic.AtomicReference::compareAndSet (13 bytes)
Event: 7.111 Thread 0x0000000017562800 nmethod 3637 0x000000000358fc10 code [0x000000000358fd60, 0x000000000358fef0]

GC Heap History (10 events):
Event: 3.259 GC heap before
{Heap before GC invocations=5 (full 0):
 PSYoungGen      total 71680K, used 9547K [0x00000000d5580000, 0x00000000de180000, 0x0000000100000000)
  eden space 66560K, 6% used [0x00000000d5580000,0x00000000d59d6d40,0x00000000d9680000)
  from space 5120K, 99% used [0x00000000d9b80000,0x00000000da07c040,0x00000000da080000)
  to   space 5120K, 0% used [0x00000000d9680000,0x00000000d9680000,0x00000000d9b80000)
 ParOldGen       total 87552K, used 11268K [0x0000000080000000, 0x0000000085580000, 0x00000000d5580000)
  object space 87552K, 12% used [0x0000000080000000,0x0000000080b01078,0x0000000085580000)
 Metaspace       used 20653K, capacity 21260K, committed 21296K, reserved 1067008K
  class space    used 2890K, capacity 3116K, committed 3120K, reserved 1048576K
Event: 3.265 GC heap after
Heap after GC invocations=5 (full 0):
 PSYoungGen      total 71680K, used 5108K [0x00000000d5580000, 0x00000000df180000, 0x0000000100000000)
  eden space 66560K, 0% used [0x00000000d5580000,0x00000000d5580000,0x00000000d9680000)
  from space 5120K, 99% used [0x00000000d9680000,0x00000000d9b7d060,0x00000000d9b80000)
  to   space 13312K, 0% used [0x00000000de480000,0x00000000de480000,0x00000000df180000)
 ParOldGen       total 87552K, used 11440K [0x0000000080000000, 0x0000000085580000, 0x00000000d5580000)
  object space 87552K, 13% used [0x0000000080000000,0x0000000080b2c398,0x0000000085580000)
 Metaspace       used 20653K, capacity 21260K, committed 21296K, reserved 1067008K
  class space    used 2890K, capacity 3116K, committed 3120K, reserved 1048576K
}
Event: 3.265 GC heap before
{Heap before GC invocations=6 (full 1):
 PSYoungGen      total 71680K, used 5108K [0x00000000d5580000, 0x00000000df180000, 0x0000000100000000)
  eden space 66560K, 0% used [0x00000000d5580000,0x00000000d5580000,0x00000000d9680000)
  from space 5120K, 99% used [0x00000000d9680000,0x00000000d9b7d060,0x00000000d9b80000)
  to   space 13312K, 0% used [0x00000000de480000,0x00000000de480000,0x00000000df180000)
 ParOldGen       total 87552K, used 11440K [0x0000000080000000, 0x0000000085580000, 0x00000000d5580000)
  object space 87552K, 13% used [0x0000000080000000,0x0000000080b2c398,0x0000000085580000)
 Metaspace       used 20653K, capacity 21260K, committed 21296K, reserved 1067008K
  class space    used 2890K, capacity 3116K, committed 3120K, reserved 1048576K
Event: 3.303 GC heap after
Heap after GC invocations=6 (full 1):
 PSYoungGen      total 71680K, used 0K [0x00000000d5580000, 0x00000000df180000, 0x0000000100000000)
  eden space 66560K, 0% used [0x00000000d5580000,0x00000000d5580000,0x00000000d9680000)
  from space 5120K, 0% used [0x00000000d9680000,0x00000000d9680000,0x00000000d9b80000)
  to   space 13312K, 0% used [0x00000000de480000,0x00000000de480000,0x00000000df180000)
 ParOldGen       total 56832K, used 7146K [0x0000000080000000, 0x0000000083780000, 0x00000000d5580000)
  object space 56832K, 12% used [0x0000000080000000,0x00000000806fa8d0,0x0000000083780000)
 Metaspace       used 20653K, capacity 21260K, committed 21296K, reserved 1067008K
  class space    used 2890K, capacity 3116K, committed 3120K, reserved 1048576K
}
Event: 4.302 GC heap before
{Heap before GC invocations=7 (full 1):
 PSYoungGen      total 71680K, used 65499K [0x00000000d5580000, 0x00000000df180000, 0x0000000100000000)
  eden space 66560K, 98% used [0x00000000d5580000,0x00000000d9576ea0,0x00000000d9680000)
  from space 5120K, 0% used [0x00000000d9680000,0x00000000d9680000,0x00000000d9b80000)
  to   space 13312K, 0% used [0x00000000de480000,0x00000000de480000,0x00000000df180000)
 ParOldGen       total 56832K, used 7146K [0x0000000080000000, 0x0000000083780000, 0x00000000d5580000)
  object space 56832K, 12% used [0x0000000080000000,0x00000000806fa8d0,0x0000000083780000)
 Metaspace       used 28239K, capacity 28916K, committed 29232K, reserved 1075200K
  class space    used 3896K, capacity 4127K, committed 4144K, reserved 1048576K
Event: 4.326 GC heap after
Heap after GC invocations=7 (full 1):
 PSYoungGen      total 125952K, used 9074K [0x00000000d5580000, 0x00000000ded80000, 0x0000000100000000)
  eden space 116736K, 0% used [0x00000000d5580000,0x00000000d5580000,0x00000000dc780000)
  from space 9216K, 98% used [0x00000000de480000,0x00000000ded5cbb0,0x00000000ded80000)
  to   space 13824K, 0% used [0x00000000dd280000,0x00000000dd280000,0x00000000de000000)
 ParOldGen       total 56832K, used 7154K [0x0000000080000000, 0x0000000083780000, 0x00000000d5580000)
  object space 56832K, 12% used [0x0000000080000000,0x00000000806fc8d0,0x0000000083780000)
 Metaspace       used 28239K, capacity 28916K, committed 29232K, reserved 1075200K
  class space    used 3896K, capacity 4127K, committed 4144K, reserved 1048576K
}
Event: 5.752 GC heap before
{Heap before GC invocations=8 (full 1):
 PSYoungGen      total 125952K, used 125321K [0x00000000d5580000, 0x00000000ded80000, 0x0000000100000000)
  eden space 116736K, 99% used [0x00000000d5580000,0x00000000dc705a20,0x00000000dc780000)
  from space 9216K, 98% used [0x00000000de480000,0x00000000ded5cbb0,0x00000000ded80000)
  to   space 13824K, 0% used [0x00000000dd280000,0x00000000dd280000,0x00000000de000000)
 ParOldGen       total 56832K, used 7154K [0x0000000080000000, 0x0000000083780000, 0x00000000d5580000)
  object space 56832K, 12% used [0x0000000080000000,0x00000000806fc8d0,0x0000000083780000)
 Metaspace       used 34519K, capacity 35432K, committed 35496K, reserved 1079296K
  class space    used 4736K, capacity 5003K, committed 5040K, reserved 1048576K
Event: 5.821 GC heap after
Heap after GC invocations=8 (full 1):
 PSYoungGen      total 141824K, used 12245K [0x00000000d5580000, 0x00000000e3d00000, 0x0000000100000000)
  eden space 128000K, 0% used [0x00000000d5580000,0x00000000d5580000,0x00000000dd280000)
  from space 13824K, 88% used [0x00000000dd280000,0x00000000dde75570,0x00000000de000000)
  to   space 15360K, 0% used [0x00000000e2e00000,0x00000000e2e00000,0x00000000e3d00000)
 ParOldGen       total 56832K, used 7162K [0x0000000080000000, 0x0000000083780000, 0x00000000d5580000)
  object space 56832K, 12% used [0x0000000080000000,0x00000000806fe8d0,0x0000000083780000)
 Metaspace       used 34519K, capacity 35432K, committed 35496K, reserved 1079296K
  class space    used 4736K, capacity 5003K, committed 5040K, reserved 1048576K
}
Event: 5.821 GC heap before
{Heap before GC invocations=9 (full 2):
 PSYoungGen      total 141824K, used 12245K [0x00000000d5580000, 0x00000000e3d00000, 0x0000000100000000)
  eden space 128000K, 0% used [0x00000000d5580000,0x00000000d5580000,0x00000000dd280000)
  from space 13824K, 88% used [0x00000000dd280000,0x00000000dde75570,0x00000000de000000)
  to   space 15360K, 0% used [0x00000000e2e00000,0x00000000e2e00000,0x00000000e3d00000)
 ParOldGen       total 56832K, used 7162K [0x0000000080000000, 0x0000000083780000, 0x00000000d5580000)
  object space 56832K, 12% used [0x0000000080000000,0x00000000806fe8d0,0x0000000083780000)
 Metaspace       used 34519K, capacity 35432K, committed 35496K, reserved 1079296K
  class space    used 4736K, capacity 5003K, committed 5040K, reserved 1048576K
Event: 6.046 GC heap after
Heap after GC invocations=9 (full 2):
 PSYoungGen      total 141824K, used 0K [0x00000000d5580000, 0x00000000e3d00000, 0x0000000100000000)
  eden space 128000K, 0% used [0x00000000d5580000,0x00000000d5580000,0x00000000dd280000)
  from space 13824K, 0% used [0x00000000dd280000,0x00000000dd280000,0x00000000de000000)
  to   space 15360K, 0% used [0x00000000e2e00000,0x00000000e2e00000,0x00000000e3d00000)
 ParOldGen       total 91136K, used 18686K [0x0000000080000000, 0x0000000085900000, 0x00000000d5580000)
  object space 91136K, 20% used [0x0000000080000000,0x000000008123fb78,0x0000000085900000)
 Metaspace       used 34519K, capacity 35432K, committed 35496K, reserved 1079296K
  class space    used 4736K, capacity 5003K, committed 5040K, reserved 1048576K
}

Deoptimization events (10 events):
Event: 6.543 Thread 0x000000001afa1000 Uncommon trap: reason=unstable_if action=reinterpret pc=0x0000000002cdfc74 method=java.lang.String.lastIndexOf([CII[CIII)I @ 118
Event: 6.632 Thread 0x00000000200ec000 Uncommon trap: reason=unstable_if action=reinterpret pc=0x000000000343b3ec method=com.esotericsoftware.kryo.io.Input.readUtf8Length(I)I @ 9
Event: 6.639 Thread 0x00000000200e8000 Uncommon trap: reason=unstable_if action=reinterpret pc=0x0000000003436464 method=com.esotericsoftware.kryo.io.Input.readUtf8Length(I)I @ 9
Event: 6.671 Thread 0x00000000200ea800 Uncommon trap: reason=unstable_if action=reinterpret pc=0x0000000002f025d0 method=java.util.concurrent.ConcurrentHashMap.addCount(JI)V @ 168
Event: 6.671 Thread 0x00000000200ea800 Uncommon trap: reason=unstable_if action=reinterpret pc=0x0000000002e4f84c method=java.util.concurrent.ConcurrentHashMap.transfer([Ljava/util/concurrent/ConcurrentHashMap$Node;[Ljava/util/concurrent/ConcurrentHashMap$Node;)V @ 34
Event: 6.673 Thread 0x00000000200ec000 Uncommon trap: reason=unstable_if action=reinterpret pc=0x0000000002e05154 method=java.util.concurrent.ConcurrentHashMap.addCount(JI)V @ 168
Event: 6.673 Thread 0x00000000200ec000 Uncommon trap: reason=unstable_if action=reinterpret pc=0x00000000033393d8 method=java.util.concurrent.ConcurrentHashMap.get(Ljava/lang/Object;)Ljava/lang/Object; @ 86
Event: 7.016 Thread 0x000000001afa1000 Uncommon trap: reason=range_check action=make_not_entrant pc=0x0000000003342d34 method=java.lang.String.charAt(I)C @ 27
Event: 7.178 Thread 0x000000001afa1000 Uncommon trap: reason=unstable_if action=reinterpret pc=0x0000000002c61f2c method=java.util.jar.JarFile.match([C[B[I[I)Z @ 29
Event: 7.212 Thread 0x000000001afa1000 Uncommon trap: reason=class_check action=maybe_recompile pc=0x0000000002f1a7c0 method=java.lang.Throwable.<init>(Ljava/lang/String;Ljava/lang/Throwable;)V @ 24

Classes redefined (0 events):
No events

Internal exceptions (10 events):
Event: 6.918 Thread 0x000000001afa1000 Exception <a 'java/lang/ClassNotFoundException': build_cc2ppc3b2hy08gd54hqu0gxjbCustomizer> (0x00000000d76517e8) thrown at [C:\src\AOSP-openjdk-git\hotspot\src\share\vm\classfile\systemDictionary.cpp, line 210]
Event: 7.208 Thread 0x000000001afa1000 Exception <a 'java/security/PrivilegedActionException'> (0x00000000d7d5cfe8) thrown at [C:\src\AOSP-openjdk-git\hotspot\src\share\vm\prims\jvm.cpp, line 1502]
Event: 7.208 Thread 0x000000001afa1000 Exception <a 'java/security/PrivilegedActionException'> (0x00000000d7d5dd68) thrown at [C:\src\AOSP-openjdk-git\hotspot\src\share\vm\prims\jvm.cpp, line 1502]
Event: 7.210 Thread 0x000000001afa1000 Exception <a 'java/lang/OutOfMemoryError'> (0x00000000d7d605c0) thrown at [C:\src\AOSP-openjdk-git\hotspot\src\share\vm\prims\jni.cpp, line 737]
Event: 7.210 Thread 0x000000001afa1000 Exception <a 'java/lang/OutOfMemoryError'> (0x00000000d7d605c0) thrown at [C:\src\AOSP-openjdk-git\hotspot\src\share\vm\prims\jvm.cpp, line 1506]
Event: 7.210 Thread 0x000000001afa1000 Exception <a 'java/lang/OutOfMemoryError'> (0x00000000d7d605c0) thrown at [C:\src\AOSP-openjdk-git\hotspot\src\share\vm\prims\jvm.cpp, line 1506]
Event: 7.210 Thread 0x000000001afa1000 Exception <a 'java/lang/OutOfMemoryError'> (0x00000000d7d605c0) thrown at [C:\src\AOSP-openjdk-git\hotspot\src\share\vm\prims\jvm.cpp, line 1506]
Event: 7.210 Thread 0x000000001afa1000 Exception <a 'java/lang/OutOfMemoryError'> (0x00000000d7d605c0) thrown at [C:\src\AOSP-openjdk-git\hotspot\src\share\vm\prims\jvm.cpp, line 1506]
Event: 7.211 Thread 0x000000001afa1000 Exception <a 'java/lang/reflect/InvocationTargetException'> (0x00000000d7d66a10) thrown at [C:\src\AOSP-openjdk-git\hotspot\src\share\vm\runtime\reflection.cpp, line 1092]
Event: 7.212 Thread 0x000000001afa1000 Exception <a 'java/lang/reflect/InvocationTargetException'> (0x00000000d7d68158) thrown at [C:\src\AOSP-openjdk-git\hotspot\src\share\vm\runtime\reflection.cpp, line 1092]

Events (10 events):
Event: 7.178 Thread 0x000000001afa1000 Uncommon trap: trap_request=0xffffff65 fr.pc=0x0000000002c61f2c
Event: 7.178 Thread 0x000000001afa1000 DEOPT PACKING pc=0x0000000002c61f2c sp=0x000000001cbb67d0
Event: 7.178 Thread 0x000000001afa1000 DEOPT UNPACKING pc=0x000000000295557b sp=0x000000001cbb6780 mode 2
Event: 7.210 loading class org/apache/groovy/internal/util/UncheckedThrow
Event: 7.210 loading class org/apache/groovy/internal/util/UncheckedThrow done
Event: 7.212 Thread 0x000000001afa1000 Uncommon trap: trap_request=0xffffffde fr.pc=0x0000000002f1a7c0
Event: 7.212 Thread 0x000000001afa1000 DEOPT PACKING pc=0x0000000002f1a7c0 sp=0x000000001cbbb420
Event: 7.212 Thread 0x000000001afa1000 DEOPT UNPACKING pc=0x000000000295557b sp=0x000000001cbbb408 mode 2
Event: 7.212 loading class org/gradle/internal/exceptions/DefaultMultiCauseException$1
Event: 7.212 loading class org/gradle/internal/exceptions/DefaultMultiCauseException$1 done


Dynamic libraries:
0x00007ff63bc50000 - 0x00007ff63bc81000 	C:\Program Files\Android\Android Studio\jre\bin\java.exe
0x00007ff8d90b0000 - 0x00007ff8d92a4000 	C:\WINDOWS\SYSTEM32\ntdll.dll
0x00007ff8d8f00000 - 0x00007ff8d8fbd000 	C:\WINDOWS\System32\KERNEL32.DLL
0x00007ff8d6800000 - 0x00007ff8d6ac7000 	C:\WINDOWS\System32\KERNELBASE.dll
0x00007ff8d8980000 - 0x00007ff8d8a2a000 	C:\WINDOWS\System32\ADVAPI32.dll
0x00007ff8d76c0000 - 0x00007ff8d775e000 	C:\WINDOWS\System32\msvcrt.dll
0x00007ff8d7490000 - 0x00007ff8d752b000 	C:\WINDOWS\System32\sechost.dll
0x00007ff8d8840000 - 0x00007ff8d8963000 	C:\WINDOWS\System32\RPCRT4.dll
0x00007ff8d8b10000 - 0x00007ff8d8cb0000 	C:\WINDOWS\System32\USER32.dll
0x00007ff8d6bd0000 - 0x00007ff8d6bf2000 	C:\WINDOWS\System32\win32u.dll
0x00007ff8d7ef0000 - 0x00007ff8d7f1a000 	C:\WINDOWS\System32\GDI32.dll
0x00007ff8d6c00000 - 0x00007ff8d6d0a000 	C:\WINDOWS\System32\gdi32full.dll
0x00007ff8d6e70000 - 0x00007ff8d6f0d000 	C:\WINDOWS\System32\msvcp_win.dll
0x00007ff8d6fc0000 - 0x00007ff8d70c0000 	C:\WINDOWS\System32\ucrtbase.dll
0x00007ff8c7b20000 - 0x00007ff8c7dba000 	C:\WINDOWS\WinSxS\amd64_microsoft.windows.common-controls_6595b64144ccf1df_6.0.19041.1_none_b555e41d4684ddec\COMCTL32.dll
0x00007ff8d8d20000 - 0x00007ff8d8d50000 	C:\WINDOWS\System32\IMM32.DLL
0x000000006e520000 - 0x000000006e5f2000 	C:\Program Files\Android\Android Studio\jre\jre\bin\msvcr100.dll
0x000000006d400000 - 0x000000006dc4b000 	C:\Program Files\Android\Android Studio\jre\jre\bin\server\jvm.dll
0x00007ff8d8970000 - 0x00007ff8d8978000 	C:\WINDOWS\System32\PSAPI.DLL
0x00007ff8cdf80000 - 0x00007ff8cdf8a000 	C:\WINDOWS\SYSTEM32\VERSION.dll
0x00007ff8bfd20000 - 0x00007ff8bfd29000 	C:\WINDOWS\SYSTEM32\WSOCK32.dll
0x00007ff8c81c0000 - 0x00007ff8c81e7000 	C:\WINDOWS\SYSTEM32\WINMM.dll
0x00007ff8d8cb0000 - 0x00007ff8d8d1b000 	C:\WINDOWS\System32\WS2_32.dll
0x00007ff8be400000 - 0x00007ff8be40f000 	C:\Program Files\Android\Android Studio\jre\jre\bin\verify.dll
0x00007ff8be330000 - 0x00007ff8be359000 	C:\Program Files\Android\Android Studio\jre\jre\bin\java.dll
0x00007ff8be0b0000 - 0x00007ff8be0c6000 	C:\Program Files\Android\Android Studio\jre\jre\bin\zip.dll
0x00007ff8d7f20000 - 0x00007ff8d8654000 	C:\WINDOWS\System32\SHELL32.dll
0x00007ff8d4970000 - 0x00007ff8d50fe000 	C:\WINDOWS\SYSTEM32\windows.storage.dll
0x00007ff8d7130000 - 0x00007ff8d7483000 	C:\WINDOWS\System32\combase.dll
0x00007ff8d6280000 - 0x00007ff8d62ab000 	C:\WINDOWS\SYSTEM32\Wldp.dll
0x00007ff8d7760000 - 0x00007ff8d780e000 	C:\WINDOWS\System32\SHCORE.dll
0x00007ff8d8740000 - 0x00007ff8d8795000 	C:\WINDOWS\System32\shlwapi.dll
0x00007ff8d6740000 - 0x00007ff8d675f000 	C:\WINDOWS\SYSTEM32\profapi.dll
0x00007ff8b8ad0000 - 0x00007ff8b8aea000 	C:\Program Files\Android\Android Studio\jre\jre\bin\net.dll
0x00007ff8d6000000 - 0x00007ff8d606a000 	C:\WINDOWS\system32\mswsock.dll
0x00007ff8b8740000 - 0x00007ff8b8753000 	C:\Program Files\Android\Android Studio\jre\jre\bin\nio.dll
0x00007ff8c74f0000 - 0x00007ff8c7516000 	C:\Users\Shubham\.gradle\native\31\windows-amd64\native-platform.dll
0x00007ff8bd3c0000 - 0x00007ff8bd3cd000 	C:\Program Files\Android\Android Studio\jre\jre\bin\management.dll
0x00007ff8d61d0000 - 0x00007ff8d61e8000 	C:\WINDOWS\SYSTEM32\CRYPTSP.dll
0x00007ff8d5920000 - 0x00007ff8d5954000 	C:\WINDOWS\system32\rsaenh.dll
0x00007ff8d6f90000 - 0x00007ff8d6fb7000 	C:\WINDOWS\System32\bcrypt.dll
0x00007ff8d66c0000 - 0x00007ff8d66ee000 	C:\WINDOWS\SYSTEM32\USERENV.dll
0x00007ff8d6f10000 - 0x00007ff8d6f8f000 	C:\WINDOWS\System32\bcryptprimitives.dll
0x00007ff8d61f0000 - 0x00007ff8d61fc000 	C:\WINDOWS\SYSTEM32\CRYPTBASE.dll
0x00007ff8d5ca0000 - 0x00007ff8d5cdb000 	C:\WINDOWS\SYSTEM32\IPHLPAPI.DLL
0x00007ff8d8660000 - 0x00007ff8d8669000 	C:\WINDOWS\System32\NSI.dll
0x00007ff8cacb0000 - 0x00007ff8cacc7000 	C:\WINDOWS\SYSTEM32\dhcpcsvc6.DLL
0x00007ff8cc640000 - 0x00007ff8cc65d000 	C:\WINDOWS\SYSTEM32\dhcpcsvc.DLL
0x00007ff8d5ce0000 - 0x00007ff8d5daa000 	C:\WINDOWS\SYSTEM32\DNSAPI.dll

VM Arguments:
jvm_args: -Xmx2048m -Dfile.encoding=windows-1252 -Duser.country=US -Duser.language=en -Duser.variant 
java_command: org.gradle.launcher.daemon.bootstrap.GradleDaemon 6.1.1
java_class_path (initial): C:\Users\Shubham\.gradle\wrapper\dists\gradle-6.1.1-all\cfmwm155h49vnt3hynmlrsdst\gradle-6.1.1\lib\gradle-launcher-6.1.1.jar
Launcher Type: SUN_STANDARD

Environment Variables:
PATH=C:\Program Files (x86)\Common Files\Intel\Shared Libraries\redist\intel64\compiler;C:\Program Files (x86)\Intel\iCLS Client\;C:\Program Files\Intel\iCLS Client\;C:\Windows\system32;C:\Windows;C:\Windows\System32\Wbem;C:\Windows\System32\WindowsPowerShell\v1.0\;C:\Program Files (x86)\Intel\Intel(R) Management Engine Components\DAL;C:\Program Files\Intel\Intel(R) Management Engine Components\DAL;C:\Program Files (x86)\Intel\Intel(R) Management Engine Components\IPT;C:\Program Files\Intel\Intel(R) Management Engine Components\IPT;C:\Program Files (x86)\NVIDIA Corporation\PhysX\Common;C:\WINDOWS\system32;C:\WINDOWS;C:\WINDOWS\System32\Wbem;C:\WINDOWS\System32\WindowsPowerShell\v1.0\;C:\WINDOWS\System32\OpenSSH\;C:\Users\Shubham\Anaconda3;C:\Program Files (x86)\Brackets\command;C:\Program Files\NVIDIA Corporation\NVIDIA NvDLISR;C:\WINDOWS\system32;C:\WINDOWS;C:\WINDOWS\System32\Wbem;C:\WINDOWS\System32\WindowsPowerShell\v1.0\;C:\WINDOWS\System32\OpenSSH\;C:\Program Files\Git\cmd;C:\Program Files\Java\jdk-14\bin;C:\Users\Shubham\Anaconda3;C:\Users\Shubham\Anaconda3\Library\mingw-w64\bin;C:\Users\Shubham\Anaconda3\Library\usr\bin;C:\Users\Shubham\Anaconda3\Library\bin;C:\Users\Shubham\Anaconda3\Scripts;C:\Users\Shubham\AppData\Local\Microsoft\WindowsApps;C:\dev\flutter\bin;
USERNAME=Shubham
OS=Windows_NT
PROCESSOR_IDENTIFIER=Intel64 Family 6 Model 158 Stepping 9, GenuineIntel



---------------  S Y S T E M  ---------------

OS: Windows 10.0 , 64 bit Build 19041 (10.0.19041.292)

CPU:total 4 (initial active 4) (4 cores per cpu, 1 threads per core) family 6 model 158 stepping 9, cmov, cx8, fxsr, mmx, sse, sse2, sse3, ssse3, sse4.1, sse4.2, popcnt, avx, avx2, aes, clmul, erms, 3dnowpref, lzcnt, tsc, tscinvbit, bmi1, bmi2, adx

Memory: 4k page, physical 8269412k(262048k free), swap 16658020k(5880k free)

vm_info: OpenJDK 64-Bit Server VM (25.242-b01) for windows-amd64 JRE (1.8.0_242-release-1644-b01), built by "builder" with MS VC++ 10.0 (VS2010)

time: Thu Jul 09 00:22:01 2020
timezone: India Standard Time
elapsed time: 7 seconds (0d 0h 0m 7s)

